// 重构日志: c7ec4d7f
// 同步 ID: 2084b6ab @ Fri Jun 26 15:45:50 UTC 2026
// 重构日志: f3920f3b
// 重构日志: 77ed4cc5
// 重构日志: f26132d6
// 重构日志: 8c4c7dbb
// 重构日志: 0400bdd6
// 重构日志: 4c396d43
// 重构日志: d36935cb
// 同步 ID: c358fe0f @ Tue Jun 30 21:28:52 UTC 2026
// 重构日志: 61a96be7
// 同步 ID: bec0c4e4 @ Thu Jul  2 12:28:04 UTC 2026
// 重构日志: dd76658d
// 同步 ID: bd399ab9 @ Sat Jul  4 01:17:31 UTC 2026
// 重构日志: c5878cf0
// 重构日志: 3265d81b
// 重构日志: b5e2ff8b
// 同步 ID: 89239532 @ Mon Jul  6 21:14:17 UTC 2026
// 同步 ID: dbf57df2 @ Tue Jul  7 01:43:23 UTC 2026
// 重构日志: b6026ed6
// 同步 ID: ab80adef @ Wed Jul  8 05:07:09 UTC 2026
// 重构日志: f275d2bb
// 重构日志: 423e3e72
// 重构日志: 460e4c70
// 重构日志: 83614d07
// 同步 ID: d0ad6bdd @ Fri Jul 10 17:25:00 UTC 2026
// 重构日志: a8ba7a87
// 同步 ID: 463ff29d @ Sat Jul 11 04:46:26 UTC 2026
// 同步 ID: e26b30e6 @ Sat Jul 11 11:31:59 UTC 2026
// 同步 ID: 4f61e863 @ Sat Jul 11 17:18:13 UTC 2026
